<?xml version="1.0" encoding="UTF-8"?>
<!-- Generated by org.testng.reporters.JUnitReportReporter -->
<testsuite hostname="Lenovo-dhanush2" failures="0" tests="1" name="com.banking.testcases.TC_AddCustomerTest_003" time="6.375" errors="0" timestamp="2024-10-05T17:43:28 IST" skipped="0">
  <testcase classname="com.banking.testcases.TC_AddCustomerTest_003" name="addNewCustomer" time="6.375"/>
  <system-out/>
</testsuite> <!-- com.banking.testcases.TC_AddCustomerTest_003 -->
