<?xml version="1.0" encoding="UTF-8"?>
<!-- Generated by org.testng.reporters.JUnitReportReporter -->
<testsuite hostname="Lenovo-dhanush2" failures="0" tests="1" name="com.banking.testcases.TC_LoginTest_001" time="3.989" errors="0" timestamp="2024-10-05T17:43:28 IST" skipped="0">
  <testcase classname="com.banking.testcases.TC_LoginTest_001" name="loginTest" time="3.989"/>
  <system-out/>
</testsuite> <!-- com.banking.testcases.TC_LoginTest_001 -->
